# JRE version: Java(TM) SE Runtime Environment (8.0_05-b13) (build 1.8.0_05-b13)
# Java VM: Java HotSpot(TM) 64-Bit Server VM (25.5-b02 mixed mode windows-amd64 compressed oops)
Heap:
 def new generation   total 1152K, used 1084K [0x00000000a2400000, 0x00000000a2540000, 0x00000000c1800000)
  eden space 1024K,  93% used [0x00000000a2400000, 0x00000000a24ef2c0, 0x00000000a2500000)
  from space 128K,  99% used [0x00000000a2520000, 0x00000000a253feb8, 0x00000000a2540000)
  to   space 128K,   0% used [0x00000000a2500000, 0x00000000a2500000, 0x00000000a2520000)
 tenured generation   total 64256K, used 2131K [0x00000000c1800000, 0x00000000c56c0000, 0x0000000100000000)
   the space 64256K,   3% used [0x00000000c1800000, 0x00000000c1a14e30, 0x00000000c1a15000, 0x00000000c56c0000)
 Metaspace       used 4905K, capacity 5380K, committed 5504K, reserved 1056768K
  class space    used 536K, capacity 564K, committed 640K, reserved 1048576K
GC Heap History (10 events):
Event: 2.111 GC heap before
{Heap before GC invocations=3 (full 0):
 def new generation   total 1152K, used 1152K [0x00000000a2400000, 0x00000000a2540000, 0x00000000c1800000)
  eden space 1024K, 100% used [0x00000000a2400000, 0x00000000a2500000, 0x00000000a2500000)
  from space 128K, 100% used [0x00000000a2520000, 0x00000000a2540000, 0x00000000a2540000)
  to   space 128K,   0% used [0x00000000a2500000, 0x00000000a2500000, 0x00000000a2520000)
 tenured generation   total 64256K, used 1088K [0x00000000c1800000, 0x00000000c56c0000, 0x0000000100000000)
   the space 64256K,   1% used [0x00000000c1800000, 0x00000000c1910210, 0x00000000c1910400, 0x00000000c56c0000)
 Metaspace       used 3006K, capacity 4592K, committed 4864K, reserved 1056768K
  class space    used 322K, capacity 424K, committed 512K, reserved 1048576K
Event: 2.113 GC heap after
Heap after GC invocations=4 (full 0):
 def new generation   total 1152K, used 128K [0x00000000a2400000, 0x00000000a2540000, 0x00000000c1800000)
  eden space 1024K,   0% used [0x00000000a2400000, 0x00000000a2400000, 0x00000000a2500000)
  from space 128K, 100% used [0x00000000a2500000, 0x00000000a2520000, 0x00000000a2520000)
  to   space 128K,   0% used [0x00000000a2520000, 0x00000000a2520000, 0x00000000a2540000)
 tenured generation   total 64256K, used 1311K [0x00000000c1800000, 0x00000000c56c0000, 0x0000000100000000)
   the space 64256K,   2% used [0x00000000c1800000, 0x00000000c1947cf0, 0x00000000c1947e00, 0x00000000c56c0000)
 Metaspace       used 3006K, capacity 4592K, committed 4864K, reserved 1056768K
  class space    used 322K, capacity 424K, committed 512K, reserved 1048576K
}
Event: 2.634 GC heap before
{Heap before GC invocations=4 (full 0):
 def new generation   total 1152K, used 1152K [0x00000000a2400000, 0x00000000a2540000, 0x00000000c1800000)
  eden space 1024K, 100% used [0x00000000a2400000, 0x00000000a2500000, 0x00000000a2500000)
  from space 128K, 100% used [0x00000000a2500000, 0x00000000a2520000, 0x00000000a2520000)
  to   space 128K,   0% used [0x00000000a2520000, 0x00000000a2520000, 0x00000000a2540000)
 tenured generation   total 64256K, used 1311K [0x00000000c1800000, 0x00000000c56c0000, 0x0000000100000000)
   the space 64256K,   2% used [0x00000000c1800000, 0x00000000c1947cf0, 0x00000000c1947e00, 0x00000000c56c0000)
 Metaspace       used 3565K, capacity 4720K, committed 4864K, reserved 1056768K
  class space    used 384K, capacity 424K, committed 512K, reserved 1048576K
Event: 2.635 GC heap after
Heap after GC invocations=5 (full 0):
 def new generation   total 1152K, used 127K [0x00000000a2400000, 0x00000000a2540000, 0x00000000c1800000)
  eden space 1024K,   0% used [0x00000000a2400000, 0x00000000a2400000, 0x00000000a2500000)
  from space 128K,  99% used [0x00000000a2520000, 0x00000000a253fff8, 0x00000000a2540000)
  to   space 128K,   0% used [0x00000000a2500000, 0x00000000a2500000, 0x00000000a2520000)
 tenured generation   total 64256K, used 1494K [0x00000000c1800000, 0x00000000c56c0000, 0x0000000100000000)
   the space 64256K,   2% used [0x00000000c1800000, 0x00000000c1975958, 0x00000000c1975a00, 0x00000000c56c0000)
 Metaspace       used 3565K, capacity 4720K, committed 4864K, reserved 1056768K
  class space    used 384K, capacity 424K, committed 512K, reserved 1048576K
}
Event: 3.342 GC heap before
{Heap before GC invocations=5 (full 0):
 def new generation   total 1152K, used 1151K [0x00000000a2400000, 0x00000000a2540000, 0x00000000c1800000)
  eden space 1024K, 100% used [0x00000000a2400000, 0x00000000a2500000, 0x00000000a2500000)
  from space 128K,  99% used [0x00000000a2520000, 0x00000000a253fff8, 0x00000000a2540000)
  to   space 128K,   0% used [0x00000000a2500000, 0x00000000a2500000, 0x00000000a2520000)
 tenured generation   total 64256K, used 1494K [0x00000000c1800000, 0x00000000c56c0000, 0x0000000100000000)
   the space 64256K,   2% used [0x00000000c1800000, 0x00000000c1975958, 0x00000000c1975a00, 0x00000000c56c0000)
 Metaspace       used 3713K, capacity 4722K, committed 4864K, reserved 1056768K
  class space    used 400K, capacity 426K, committed 512K, reserved 1048576K
Event: 3.344 GC heap after
Heap after GC invocations=6 (full 0):
 def new generation   total 1152K, used 127K [0x00000000a2400000, 0x00000000a2540000, 0x00000000c1800000)
  eden space 1024K,   0% used [0x00000000a2400000, 0x00000000a2400000, 0x00000000a2500000)
  from space 128K,  99% used [0x00000000a2500000, 0x00000000a251fff8, 0x00000000a2520000)
  to   space 128K,   0% used [0x00000000a2520000, 0x00000000a2520000, 0x00000000a2540000)
 tenured generation   total 64256K, used 1693K [0x00000000c1800000, 0x00000000c56c0000, 0x0000000100000000)
   the space 64256K,   2% used [0x00000000c1800000, 0x00000000c19a76a0, 0x00000000c19a7800, 0x00000000c56c0000)
 Metaspace       used 3713K, capacity 4722K, committed 4864K, reserved 1056768K
  class space    used 400K, capacity 426K, committed 512K, reserved 1048576K
}
Event: 3.397 GC heap before
{Heap before GC invocations=6 (full 0):
 def new generation   total 1152K, used 1151K [0x00000000a2400000, 0x00000000a2540000, 0x00000000c1800000)
  eden space 1024K, 100% used [0x00000000a2400000, 0x00000000a2500000, 0x00000000a2500000)
  from space 128K,  99% used [0x00000000a2500000, 0x00000000a251fff8, 0x00000000a2520000)
  to   space 128K,   0% used [0x00000000a2520000, 0x00000000a2520000, 0x00000000a2540000)
 tenured generation   total 64256K, used 1693K [0x00000000c1800000, 0x00000000c56c0000, 0x0000000100000000)
   the space 64256K,   2% used [0x00000000c1800000, 0x00000000c19a76a0, 0x00000000c19a7800, 0x00000000c56c0000)
 Metaspace       used 4068K, capacity 4866K, committed 5120K, reserved 1056768K
  class space    used 448K, capacity 498K, committed 512K, reserved 1048576K
Event: 3.399 GC heap after
Heap after GC invocations=7 (full 0):
 def new generation   total 1152K, used 127K [0x00000000a2400000, 0x00000000a2540000, 0x00000000c1800000)
  eden space 1024K,   0% used [0x00000000a2400000, 0x00000000a2400000, 0x00000000a2500000)
  from space 128K,  99% used [0x00000000a2520000, 0x00000000a253ff70, 0x00000000a2540000)
  to   space 128K,   0% used [0x00000000a2500000, 0x00000000a2500000, 0x00000000a2520000)
 tenured generation   total 64256K, used 1839K [0x00000000c1800000, 0x00000000c56c0000, 0x0000000100000000)
   the space 64256K,   2% used [0x00000000c1800000, 0x00000000c19cbe70, 0x00000000c19cc000, 0x00000000c56c0000)
 Metaspace       used 4068K, capacity 4866K, committed 5120K, reserved 1056768K
  class space    used 448K, capacity 498K, committed 512K, reserved 1048576K
}
Event: 3.434 GC heap before
{Heap before GC invocations=7 (full 0):
 def new generation   total 1152K, used 1151K [0x00000000a2400000, 0x00000000a2540000, 0x00000000c1800000)
  eden space 1024K, 100% used [0x00000000a2400000, 0x00000000a2500000, 0x00000000a2500000)
  from space 128K,  99% used [0x00000000a2520000, 0x00000000a253ff70, 0x00000000a2540000)
  to   space 128K,   0% used [0x00000000a2500000, 0x00000000a2500000, 0x00000000a2520000)
 tenured generation   total 64256K, used 1839K [0x00000000c1800000, 0x00000000c56c0000, 0x0000000100000000)
   the space 64256K,   2% used [0x00000000c1800000, 0x00000000c19cbe70, 0x00000000c19cc000, 0x00000000c56c0000)
 Metaspace       used 4538K, capacity 5028K, committed 5248K, reserved 1056768K
  class space    used 487K, capacity 532K, committed 640K, reserved 1048576K
Event: 3.435 GC heap after
Heap after GC invocations=8 (full 0):
 def new generation   total 1152K, used 111K [0x00000000a2400000, 0x00000000a2540000, 0x00000000c1800000)
  eden space 1024K,   0% used [0x00000000a2400000, 0x00000000a2400000, 0x00000000a2500000)
  from space 128K,  87% used [0x00000000a2500000, 0x00000000a251bf28, 0x00000000a2520000)
  to   space 128K,   0% used [0x00000000a2520000, 0x00000000a2520000, 0x00000000a2540000)
 tenured generation   total 64256K, used 2011K [0x00000000c1800000, 0x00000000c56c0000, 0x0000000100000000)
   the space 64256K,   3% used [0x00000000c1800000, 0x00000000c19f6e58, 0x00000000c19f7000, 0x00000000c56c0000)
 Metaspace       used 4538K, capacity 5028K, committed 5248K, reserved 1056768K
  class space    used 487K, capacity 532K, committed 640K, reserved 1048576K
}

