# JRE version: Java(TM) SE Runtime Environment (8.0_05-b13) (build 1.8.0_05-b13)
# Java VM: Java HotSpot(TM) 64-Bit Server VM (25.5-b02 mixed mode windows-amd64 compressed oops)
Heap:
 def new generation   total 1152K, used 1035K [0x00000000a2400000, 0x00000000a2540000, 0x00000000c1800000)
  eden space 1024K,  88% used [0x00000000a2400000, 0x00000000a24e2e90, 0x00000000a2500000)
  from space 128K,  99% used [0x00000000a2520000, 0x00000000a253fff0, 0x00000000a2540000)
  to   space 128K,   0% used [0x00000000a2500000, 0x00000000a2500000, 0x00000000a2520000)
 tenured generation   total 64256K, used 12022K [0x00000000c1800000, 0x00000000c56c0000, 0x0000000100000000)
   the space 64256K,  18% used [0x00000000c1800000, 0x00000000c23bd9b0, 0x00000000c23bda00, 0x00000000c56c0000)
 Metaspace       used 8228K, capacity 8452K, committed 8704K, reserved 1056768K
  class space    used 901K, capacity 964K, committed 1024K, reserved 1048576K
GC Heap History (10 events):
Event: 5.458 GC heap before
{Heap before GC invocations=42 (full 0):
 def new generation   total 1152K, used 1152K [0x00000000a2400000, 0x00000000a2540000, 0x00000000c1800000)
  eden space 1024K, 100% used [0x00000000a2400000, 0x00000000a2500000, 0x00000000a2500000)
  from space 128K, 100% used [0x00000000a2500000, 0x00000000a2520000, 0x00000000a2520000)
  to   space 128K,   0% used [0x00000000a2520000, 0x00000000a2520000, 0x00000000a2540000)
 tenured generation   total 64256K, used 11299K [0x00000000c1800000, 0x00000000c56c0000, 0x0000000100000000)
   the space 64256K,  17% used [0x00000000c1800000, 0x00000000c2308ef0, 0x00000000c2309000, 0x00000000c56c0000)
 Metaspace       used 8225K, capacity 8452K, committed 8704K, reserved 1056768K
  class space    used 901K, capacity 964K, committed 1024K, reserved 1048576K
Event: 5.461 GC heap after
Heap after GC invocations=43 (full 0):
 def new generation   total 1152K, used 128K [0x00000000a2400000, 0x00000000a2540000, 0x00000000c1800000)
  eden space 1024K,   0% used [0x00000000a2400000, 0x00000000a2400000, 0x00000000a2500000)
  from space 128K, 100% used [0x00000000a2520000, 0x00000000a2540000, 0x00000000a2540000)
  to   space 128K,   0% used [0x00000000a2500000, 0x00000000a2500000, 0x00000000a2520000)
 tenured generation   total 64256K, used 11452K [0x00000000c1800000, 0x00000000c56c0000, 0x0000000100000000)
   the space 64256K,  17% used [0x00000000c1800000, 0x00000000c232f148, 0x00000000c232f200, 0x00000000c56c0000)
 Metaspace       used 8225K, capacity 8452K, committed 8704K, reserved 1056768K
  class space    used 901K, capacity 964K, committed 1024K, reserved 1048576K
}
Event: 5.487 GC heap before
{Heap before GC invocations=43 (full 0):
 def new generation   total 1152K, used 1149K [0x00000000a2400000, 0x00000000a2540000, 0x00000000c1800000)
  eden space 1024K,  99% used [0x00000000a2400000, 0x00000000a24ff598, 0x00000000a2500000)
  from space 128K, 100% used [0x00000000a2520000, 0x00000000a2540000, 0x00000000a2540000)
  to   space 128K,   0% used [0x00000000a2500000, 0x00000000a2500000, 0x00000000a2520000)
 tenured generation   total 64256K, used 11452K [0x00000000c1800000, 0x00000000c56c0000, 0x0000000100000000)
   the space 64256K,  17% used [0x00000000c1800000, 0x00000000c232f148, 0x00000000c232f200, 0x00000000c56c0000)
 Metaspace       used 8227K, capacity 8452K, committed 8704K, reserved 1056768K
  class space    used 901K, capacity 964K, committed 1024K, reserved 1048576K
Event: 5.489 GC heap after
Heap after GC invocations=44 (full 0):
 def new generation   total 1152K, used 127K [0x00000000a2400000, 0x00000000a2540000, 0x00000000c1800000)
  eden space 1024K,   0% used [0x00000000a2400000, 0x00000000a2400000, 0x00000000a2500000)
  from space 128K,  99% used [0x00000000a2500000, 0x00000000a251fff8, 0x00000000a2520000)
  to   space 128K,   0% used [0x00000000a2520000, 0x00000000a2520000, 0x00000000a2540000)
 tenured generation   total 64256K, used 11598K [0x00000000c1800000, 0x00000000c56c0000, 0x0000000100000000)
   the space 64256K,  18% used [0x00000000c1800000, 0x00000000c2353850, 0x00000000c2353a00, 0x00000000c56c0000)
 Metaspace       used 8227K, capacity 8452K, committed 8704K, reserved 1056768K
  class space    used 901K, capacity 964K, committed 1024K, reserved 1048576K
}
Event: 5.506 GC heap before
{Heap before GC invocations=44 (full 0):
 def new generation   total 1152K, used 1151K [0x00000000a2400000, 0x00000000a2540000, 0x00000000c1800000)
  eden space 1024K, 100% used [0x00000000a2400000, 0x00000000a2500000, 0x00000000a2500000)
  from space 128K,  99% used [0x00000000a2500000, 0x00000000a251fff8, 0x00000000a2520000)
  to   space 128K,   0% used [0x00000000a2520000, 0x00000000a2520000, 0x00000000a2540000)
 tenured generation   total 64256K, used 11598K [0x00000000c1800000, 0x00000000c56c0000, 0x0000000100000000)
   the space 64256K,  18% used [0x00000000c1800000, 0x00000000c2353850, 0x00000000c2353a00, 0x00000000c56c0000)
 Metaspace       used 8227K, capacity 8452K, committed 8704K, reserved 1056768K
  class space    used 901K, capacity 964K, committed 1024K, reserved 1048576K
Event: 5.508 GC heap after
Heap after GC invocations=45 (full 0):
 def new generation   total 1152K, used 127K [0x00000000a2400000, 0x00000000a2540000, 0x00000000c1800000)
  eden space 1024K,   0% used [0x00000000a2400000, 0x00000000a2400000, 0x00000000a2500000)
  from space 128K,  99% used [0x00000000a2520000, 0x00000000a253fff8, 0x00000000a2540000)
  to   space 128K,   0% used [0x00000000a2500000, 0x00000000a2500000, 0x00000000a2520000)
 tenured generation   total 64256K, used 11742K [0x00000000c1800000, 0x00000000c56c0000, 0x0000000100000000)
   the space 64256K,  18% used [0x00000000c1800000, 0x00000000c2377b68, 0x00000000c2377c00, 0x00000000c56c0000)
 Metaspace       used 8227K, capacity 8452K, committed 8704K, reserved 1056768K
  class space    used 901K, capacity 964K, committed 1024K, reserved 1048576K
}
Event: 5.522 GC heap before
{Heap before GC invocations=45 (full 0):
 def new generation   total 1152K, used 1151K [0x00000000a2400000, 0x00000000a2540000, 0x00000000c1800000)
  eden space 1024K, 100% used [0x00000000a2400000, 0x00000000a2500000, 0x00000000a2500000)
  from space 128K,  99% used [0x00000000a2520000, 0x00000000a253fff8, 0x00000000a2540000)
  to   space 128K,   0% used [0x00000000a2500000, 0x00000000a2500000, 0x00000000a2520000)
 tenured generation   total 64256K, used 11742K [0x00000000c1800000, 0x00000000c56c0000, 0x0000000100000000)
   the space 64256K,  18% used [0x00000000c1800000, 0x00000000c2377b68, 0x00000000c2377c00, 0x00000000c56c0000)
 Metaspace       used 8227K, capacity 8452K, committed 8704K, reserved 1056768K
  class space    used 901K, capacity 964K, committed 1024K, reserved 1048576K
Event: 5.524 GC heap after
Heap after GC invocations=46 (full 0):
 def new generation   total 1152K, used 128K [0x00000000a2400000, 0x00000000a2540000, 0x00000000c1800000)
  eden space 1024K,   0% used [0x00000000a2400000, 0x00000000a2400000, 0x00000000a2500000)
  from space 128K, 100% used [0x00000000a2500000, 0x00000000a2520000, 0x00000000a2520000)
  to   space 128K,   0% used [0x00000000a2520000, 0x00000000a2520000, 0x00000000a2540000)
 tenured generation   total 64256K, used 11887K [0x00000000c1800000, 0x00000000c56c0000, 0x0000000100000000)
   the space 64256K,  18% used [0x00000000c1800000, 0x00000000c239bc00, 0x00000000c239bc00, 0x00000000c56c0000)
 Metaspace       used 8227K, capacity 8452K, committed 8704K, reserved 1056768K
  class space    used 901K, capacity 964K, committed 1024K, reserved 1048576K
}
Event: 5.535 GC heap before
{Heap before GC invocations=46 (full 0):
 def new generation   total 1152K, used 1152K [0x00000000a2400000, 0x00000000a2540000, 0x00000000c1800000)
  eden space 1024K, 100% used [0x00000000a2400000, 0x00000000a2500000, 0x00000000a2500000)
  from space 128K, 100% used [0x00000000a2500000, 0x00000000a2520000, 0x00000000a2520000)
  to   space 128K,   0% used [0x00000000a2520000, 0x00000000a2520000, 0x00000000a2540000)
 tenured generation   total 64256K, used 11887K [0x00000000c1800000, 0x00000000c56c0000, 0x0000000100000000)
   the space 64256K,  18% used [0x00000000c1800000, 0x00000000c239bc00, 0x00000000c239bc00, 0x00000000c56c0000)
 Metaspace       used 8227K, capacity 8452K, committed 8704K, reserved 1056768K
  class space    used 901K, capacity 964K, committed 1024K, reserved 1048576K
Event: 5.537 GC heap after
Heap after GC invocations=47 (full 0):
 def new generation   total 1152K, used 127K [0x00000000a2400000, 0x00000000a2540000, 0x00000000c1800000)
  eden space 1024K,   0% used [0x00000000a2400000, 0x00000000a2400000, 0x00000000a2500000)
  from space 128K,  99% used [0x00000000a2520000, 0x00000000a253fff0, 0x00000000a2540000)
  to   space 128K,   0% used [0x00000000a2500000, 0x00000000a2500000, 0x00000000a2520000)
 tenured generation   total 64256K, used 12022K [0x00000000c1800000, 0x00000000c56c0000, 0x0000000100000000)
   the space 64256K,  18% used [0x00000000c1800000, 0x00000000c23bd9b0, 0x00000000c23bda00, 0x00000000c56c0000)
 Metaspace       used 8227K, capacity 8452K, committed 8704K, reserved 1056768K
  class space    used 901K, capacity 964K, committed 1024K, reserved 1048576K
}

