# JRE version: Java(TM) SE Runtime Environment (8.0_05-b13) (build 1.8.0_05-b13)
# Java VM: Java HotSpot(TM) 64-Bit Server VM (25.5-b02 mixed mode windows-amd64 compressed oops)
Heap:
 def new generation   total 1152K, used 1084K [0x00000000a2400000, 0x00000000a2540000, 0x00000000c1800000)
  eden space 1024K, 100% used [0x00000000a2400000, 0x00000000a2500000, 0x00000000a2500000)
  from space 128K,  47% used [0x00000000a2500000, 0x00000000a250f368, 0x00000000a2520000)
  to   space 128K,   1% used [0x00000000a2520000, 0x00000000a2520668, 0x00000000a2540000)
 tenured generation   total 64256K, used 8574K [0x00000000c1800000, 0x00000000c56c0000, 0x0000000100000000)
   the space 64256K,  13% used [0x00000000c1800000, 0x00000000c205fa40, 0x00000000c205fc00, 0x00000000c56c0000)
 Metaspace       used 11061K, capacity 11426K, committed 11648K, reserved 1058816K
  class space    used 1311K, capacity 1395K, committed 1408K, reserved 1048576K
GC Heap History (10 events):
Event: 2.810 GC heap before
{Heap before GC invocations=95 (full 0):
 def new generation   total 1152K, used 1087K [0x00000000a2400000, 0x00000000a2540000, 0x00000000c1800000)
  eden space 1024K, 100% used [0x00000000a2400000, 0x00000000a2500000, 0x00000000a2500000)
  from space 128K,  49% used [0x00000000a2520000, 0x00000000a252fe38, 0x00000000a2540000)
  to   space 128K,   0% used [0x00000000a2500000, 0x00000000a2500000, 0x00000000a2520000)
 tenured generation   total 64256K, used 8242K [0x00000000c1800000, 0x00000000c56c0000, 0x0000000100000000)
   the space 64256K,  12% used [0x00000000c1800000, 0x00000000c200c878, 0x00000000c200ca00, 0x00000000c56c0000)
 Metaspace       used 11057K, capacity 11426K, committed 11648K, reserved 1058816K
  class space    used 1311K, capacity 1395K, committed 1408K, reserved 1048576K
Event: 2.812 GC heap after
Heap after GC invocations=96 (full 0):
 def new generation   total 1152K, used 128K [0x00000000a2400000, 0x00000000a2540000, 0x00000000c1800000)
  eden space 1024K,   0% used [0x00000000a2400000, 0x00000000a2400000, 0x00000000a2500000)
  from space 128K, 100% used [0x00000000a2500000, 0x00000000a2520000, 0x00000000a2520000)
  to   space 128K,   0% used [0x00000000a2520000, 0x00000000a2520000, 0x00000000a2540000)
 tenured generation   total 64256K, used 8272K [0x00000000c1800000, 0x00000000c56c0000, 0x0000000100000000)
   the space 64256K,  12% used [0x00000000c1800000, 0x00000000c2014360, 0x00000000c2014400, 0x00000000c56c0000)
 Metaspace       used 11057K, capacity 11426K, committed 11648K, reserved 1058816K
  class space    used 1311K, capacity 1395K, committed 1408K, reserved 1048576K
}
Event: 2.834 GC heap before
{Heap before GC invocations=96 (full 0):
 def new generation   total 1152K, used 1152K [0x00000000a2400000, 0x00000000a2540000, 0x00000000c1800000)
  eden space 1024K, 100% used [0x00000000a2400000, 0x00000000a2500000, 0x00000000a2500000)
  from space 128K, 100% used [0x00000000a2500000, 0x00000000a2520000, 0x00000000a2520000)
  to   space 128K,   0% used [0x00000000a2520000, 0x00000000a2520000, 0x00000000a2540000)
 tenured generation   total 64256K, used 8272K [0x00000000c1800000, 0x00000000c56c0000, 0x0000000100000000)
   the space 64256K,  12% used [0x00000000c1800000, 0x00000000c2014360, 0x00000000c2014400, 0x00000000c56c0000)
 Metaspace       used 11059K, capacity 11426K, committed 11648K, reserved 1058816K
  class space    used 1311K, capacity 1395K, committed 1408K, reserved 1048576K
Event: 2.836 GC heap after
Heap after GC invocations=97 (full 0):
 def new generation   total 1152K, used 103K [0x00000000a2400000, 0x00000000a2540000, 0x00000000c1800000)
  eden space 1024K,   0% used [0x00000000a2400000, 0x00000000a2400000, 0x00000000a2500000)
  from space 128K,  80% used [0x00000000a2520000, 0x00000000a2539c78, 0x00000000a2540000)
  to   space 128K,   0% used [0x00000000a2500000, 0x00000000a2500000, 0x00000000a2520000)
 tenured generation   total 64256K, used 8362K [0x00000000c1800000, 0x00000000c56c0000, 0x0000000100000000)
   the space 64256K,  13% used [0x00000000c1800000, 0x00000000c202a8d8, 0x00000000c202aa00, 0x00000000c56c0000)
 Metaspace       used 11059K, capacity 11426K, committed 11648K, reserved 1058816K
  class space    used 1311K, capacity 1395K, committed 1408K, reserved 1048576K
}
Event: 2.848 GC heap before
{Heap before GC invocations=97 (full 0):
 def new generation   total 1152K, used 1127K [0x00000000a2400000, 0x00000000a2540000, 0x00000000c1800000)
  eden space 1024K, 100% used [0x00000000a2400000, 0x00000000a2500000, 0x00000000a2500000)
  from space 128K,  80% used [0x00000000a2520000, 0x00000000a2539c78, 0x00000000a2540000)
  to   space 128K,   0% used [0x00000000a2500000, 0x00000000a2500000, 0x00000000a2520000)
 tenured generation   total 64256K, used 8362K [0x00000000c1800000, 0x00000000c56c0000, 0x0000000100000000)
   the space 64256K,  13% used [0x00000000c1800000, 0x00000000c202a8d8, 0x00000000c202aa00, 0x00000000c56c0000)
 Metaspace       used 11060K, capacity 11426K, committed 11648K, reserved 1058816K
  class space    used 1311K, capacity 1395K, committed 1408K, reserved 1048576K
Event: 2.850 GC heap after
Heap after GC invocations=98 (full 0):
 def new generation   total 1152K, used 82K [0x00000000a2400000, 0x00000000a2540000, 0x00000000c1800000)
  eden space 1024K,   0% used [0x00000000a2400000, 0x00000000a2400000, 0x00000000a2500000)
  from space 128K,  64% used [0x00000000a2500000, 0x00000000a2514988, 0x00000000a2520000)
  to   space 128K,   0% used [0x00000000a2520000, 0x00000000a2520000, 0x00000000a2540000)
 tenured generation   total 64256K, used 8410K [0x00000000c1800000, 0x00000000c56c0000, 0x0000000100000000)
   the space 64256K,  13% used [0x00000000c1800000, 0x00000000c20369a8, 0x00000000c2036a00, 0x00000000c56c0000)
 Metaspace       used 11060K, capacity 11426K, committed 11648K, reserved 1058816K
  class space    used 1311K, capacity 1395K, committed 1408K, reserved 1048576K
}
Event: 2.863 GC heap before
{Heap before GC invocations=98 (full 0):
 def new generation   total 1152K, used 1106K [0x00000000a2400000, 0x00000000a2540000, 0x00000000c1800000)
  eden space 1024K, 100% used [0x00000000a2400000, 0x00000000a2500000, 0x00000000a2500000)
  from space 128K,  64% used [0x00000000a2500000, 0x00000000a2514988, 0x00000000a2520000)
  to   space 128K,   0% used [0x00000000a2520000, 0x00000000a2520000, 0x00000000a2540000)
 tenured generation   total 64256K, used 8410K [0x00000000c1800000, 0x00000000c56c0000, 0x0000000100000000)
   the space 64256K,  13% used [0x00000000c1800000, 0x00000000c20369a8, 0x00000000c2036a00, 0x00000000c56c0000)
 Metaspace       used 11061K, capacity 11426K, committed 11648K, reserved 1058816K
  class space    used 1311K, capacity 1395K, committed 1408K, reserved 1048576K
Event: 2.865 GC heap after
Heap after GC invocations=99 (full 0):
 def new generation   total 1152K, used 127K [0x00000000a2400000, 0x00000000a2540000, 0x00000000c1800000)
  eden space 1024K,   0% used [0x00000000a2400000, 0x00000000a2400000, 0x00000000a2500000)
  from space 128K,  99% used [0x00000000a2520000, 0x00000000a253ffe8, 0x00000000a2540000)
  to   space 128K,   0% used [0x00000000a2500000, 0x00000000a2500000, 0x00000000a2520000)
 tenured generation   total 64256K, used 8465K [0x00000000c1800000, 0x00000000c56c0000, 0x0000000100000000)
   the space 64256K,  13% used [0x00000000c1800000, 0x00000000c20444d0, 0x00000000c2044600, 0x00000000c56c0000)
 Metaspace       used 11061K, capacity 11426K, committed 11648K, reserved 1058816K
  class space    used 1311K, capacity 1395K, committed 1408K, reserved 1048576K
}
Event: 2.873 GC heap before
{Heap before GC invocations=99 (full 0):
 def new generation   total 1152K, used 1151K [0x00000000a2400000, 0x00000000a2540000, 0x00000000c1800000)
  eden space 1024K, 100% used [0x00000000a2400000, 0x00000000a2500000, 0x00000000a2500000)
  from space 128K,  99% used [0x00000000a2520000, 0x00000000a253ffe8, 0x00000000a2540000)
  to   space 128K,   0% used [0x00000000a2500000, 0x00000000a2500000, 0x00000000a2520000)
 tenured generation   total 64256K, used 8465K [0x00000000c1800000, 0x00000000c56c0000, 0x0000000100000000)
   the space 64256K,  13% used [0x00000000c1800000, 0x00000000c20444d0, 0x00000000c2044600, 0x00000000c56c0000)
 Metaspace       used 11061K, capacity 11426K, committed 11648K, reserved 1058816K
  class space    used 1311K, capacity 1395K, committed 1408K, reserved 1048576K
Event: 2.874 GC heap after
Heap after GC invocations=100 (full 0):
 def new generation   total 1152K, used 60K [0x00000000a2400000, 0x00000000a2540000, 0x00000000c1800000)
  eden space 1024K,   0% used [0x00000000a2400000, 0x00000000a2400000, 0x00000000a2500000)
  from space 128K,  47% used [0x00000000a2500000, 0x00000000a250f368, 0x00000000a2520000)
  to   space 128K,   0% used [0x00000000a2520000, 0x00000000a2520000, 0x00000000a2540000)
 tenured generation   total 64256K, used 8574K [0x00000000c1800000, 0x00000000c56c0000, 0x0000000100000000)
   the space 64256K,  13% used [0x00000000c1800000, 0x00000000c205fa40, 0x00000000c205fc00, 0x00000000c56c0000)
 Metaspace       used 11061K, capacity 11426K, committed 11648K, reserved 1058816K
  class space    used 1311K, capacity 1395K, committed 1408K, reserved 1048576K
}

